<?xml version="1.0" encoding="UTF-8"?>
<testng-results ignored="0" total="3" passed="2" failed="1" skipped="0">
  <reporter-output>
  </reporter-output>
  <suite started-at="2024-03-16T18:42:18 IST" name="Suite" finished-at="2024-03-16T18:42:43 IST" duration-ms="24767">
    <groups>
    </groups>
    <test started-at="2024-03-16T18:42:18 IST" name="Test2" finished-at="2024-03-16T18:42:27 IST" duration-ms="8991">
      <class name="tests.ThreeTest">
        <test-method signature="testThree()[pri:0, instance:tests.ThreeTest@4ed5eb72]" started-at="2024-03-16T18:42:18 IST" name="testThree" finished-at="2024-03-16T18:42:26 IST" duration-ms="7594" status="FAIL">
          <exception class="java.lang.AssertionError">
            <message>
              <![CDATA[expected [true] but found [false]]]>
            </message>
            <full-stacktrace>
              <![CDATA[java.lang.AssertionError: expected [true] but found [false]
at org.testng.Assert.fail(Assert.java:110)
at org.testng.Assert.failNotEquals(Assert.java:1577)
at org.testng.Assert.assertTrue(Assert.java:56)
at org.testng.Assert.assertTrue(Assert.java:66)
at tests.ThreeTest.testThree(ThreeTest.java:20)
at java.base/jdk.internal.reflect.NativeMethodAccessorImpl.invoke0(Native Method)
at java.base/jdk.internal.reflect.NativeMethodAccessorImpl.invoke(NativeMethodAccessorImpl.java:77)
at java.base/jdk.internal.reflect.DelegatingMethodAccessorImpl.invoke(DelegatingMethodAccessorImpl.java:43)
at java.base/java.lang.reflect.Method.invoke(Method.java:568)
at org.testng.internal.invokers.MethodInvocationHelper.invokeMethod(MethodInvocationHelper.java:139)
at org.testng.internal.invokers.TestInvoker.invokeMethod(TestInvoker.java:677)
at org.testng.internal.invokers.TestInvoker.invokeTestMethod(TestInvoker.java:221)
at org.testng.internal.invokers.MethodRunner.runInSequence(MethodRunner.java:50)
at org.testng.internal.invokers.TestInvoker$MethodInvocationAgent.invoke(TestInvoker.java:969)
at org.testng.internal.invokers.TestInvoker.invokeTestMethods(TestInvoker.java:194)
at org.testng.internal.invokers.TestMethodWorker.invokeTestMethods(TestMethodWorker.java:148)
at org.testng.internal.invokers.TestMethodWorker.run(TestMethodWorker.java:128)
at java.base/java.util.ArrayList.forEach(ArrayList.java:1511)
at org.testng.TestRunner.privateRun(TestRunner.java:829)
at org.testng.TestRunner.run(TestRunner.java:602)
at org.testng.SuiteRunner.runTest(SuiteRunner.java:437)
at org.testng.SuiteRunner$SuiteWorker.run(SuiteRunner.java:475)
at org.testng.internal.thread.ThreadUtil.lambda$execute$0(ThreadUtil.java:58)
at java.base/java.util.concurrent.FutureTask.run(FutureTask.java:264)
at java.base/java.util.concurrent.ThreadPoolExecutor.runWorker(ThreadPoolExecutor.java:1136)
at java.base/java.util.concurrent.ThreadPoolExecutor$Worker.run(ThreadPoolExecutor.java:635)
at java.base/java.lang.Thread.run(Thread.java:833)
]]>
            </full-stacktrace>
          </exception> <!-- java.lang.AssertionError -->
          <reporter-output>
          </reporter-output>
        </test-method> <!-- testThree -->
        <test-method is-config="true" signature="teardown()[pri:0, instance:tests.ThreeTest@4ed5eb72]" started-at="2024-03-16T18:42:26 IST" name="teardown" finished-at="2024-03-16T18:42:27 IST" duration-ms="897" status="PASS">
          <reporter-output>
          </reporter-output>
        </test-method> <!-- teardown -->
      </class> <!-- tests.ThreeTest -->
    </test> <!-- Test2 -->
    <test started-at="2024-03-16T18:42:18 IST" name="Test3" finished-at="2024-03-16T18:42:43 IST" duration-ms="24761">
      <class name="tests.LoginTest">
        <test-method is-config="true" signature="Openapp()[pri:0, instance:tests.LoginTest@4ce1d6d0]" started-at="2024-03-16T18:42:20 IST" name="Openapp" finished-at="2024-03-16T18:42:26 IST" duration-ms="6787" status="PASS">
          <reporter-output>
          </reporter-output>
        </test-method> <!-- Openapp -->
        <test-method signature="Login(java.lang.String,java.lang.String,java.lang.String)[pri:0, instance:tests.LoginTest@4ce1d6d0]" started-at="2024-03-16T18:42:26 IST" name="Login" data-provider="getloginData" finished-at="2024-03-16T18:42:28 IST" duration-ms="1613" status="PASS">
          <params>
            <param index="0">
              <value>
                <![CDATA[raamreddy100@gmail.com]]>
              </value>
            </param>
            <param index="1">
              <value>
                <![CDATA[raamreddy12@]]>
              </value>
            </param>
            <param index="2">
              <value>
                <![CDATA[success]]>
              </value>
            </param>
          </params>
          <reporter-output>
          </reporter-output>
        </test-method> <!-- Login -->
        <test-method is-config="true" signature="tearDown()[pri:0, instance:tests.LoginTest@4ce1d6d0]" started-at="2024-03-16T18:42:28 IST" name="tearDown" finished-at="2024-03-16T18:42:29 IST" duration-ms="348" status="PASS">
          <reporter-output>
          </reporter-output>
        </test-method> <!-- tearDown -->
        <test-method is-config="true" signature="Openapp()[pri:0, instance:tests.LoginTest@4ce1d6d0]" started-at="2024-03-16T18:42:29 IST" name="Openapp" finished-at="2024-03-16T18:42:31 IST" duration-ms="2622" status="PASS">
          <reporter-output>
          </reporter-output>
        </test-method> <!-- Openapp -->
        <test-method signature="Login(java.lang.String,java.lang.String,java.lang.String)[pri:0, instance:tests.LoginTest@4ce1d6d0]" started-at="2024-03-16T18:42:31 IST" name="Login" data-provider="getloginData" finished-at="2024-03-16T18:42:42 IST" duration-ms="11069" status="PASS">
          <params>
            <param index="0">
              <value>
                <![CDATA[damoddarr12@gmail.com]]>
              </value>
            </param>
            <param index="1">
              <value>
                <![CDATA[damodarr12@]]>
              </value>
            </param>
            <param index="2">
              <value>
                <![CDATA[failure]]>
              </value>
            </param>
          </params>
          <reporter-output>
          </reporter-output>
        </test-method> <!-- Login -->
        <test-method is-config="true" signature="tearDown()[pri:0, instance:tests.LoginTest@4ce1d6d0]" started-at="2024-03-16T18:42:43 IST" name="tearDown" finished-at="2024-03-16T18:42:43 IST" duration-ms="230" status="PASS">
          <reporter-output>
          </reporter-output>
        </test-method> <!-- tearDown -->
      </class> <!-- tests.LoginTest -->
    </test> <!-- Test3 -->
  </suite> <!-- Suite -->
</testng-results>
